c:\users\mark\desktop\projects\games engine\gamesengine v1.0 main\bin\debug\intermediates\vc120.pdb
c:\users\mark\desktop\projects\games engine\gamesengine v1.0 main\bin\debug\intermediates\vc120.idb
c:\users\mark\desktop\projects\games engine\gamesengine v1.0 main\bin\debug\intermediates\main.obj
c:\users\mark\desktop\projects\games engine\gamesengine v1.0 main\bin\debug\intermediates\batchrenderer2d.obj
c:\users\mark\desktop\projects\games engine\gamesengine v1.0 main\bin\debug\intermediates\buffer.obj
c:\users\mark\desktop\projects\games engine\gamesengine v1.0 main\bin\debug\intermediates\indexbuffer.obj
c:\users\mark\desktop\projects\games engine\gamesengine v1.0 main\bin\debug\intermediates\vertexarray.obj
c:\users\mark\desktop\projects\games engine\gamesengine v1.0 main\bin\debug\intermediates\simple2drenderer.obj
c:\users\mark\desktop\projects\games engine\gamesengine v1.0 main\bin\debug\intermediates\shader.obj
c:\users\mark\desktop\projects\games engine\gamesengine v1.0 main\bin\debug\intermediates\window.obj
c:\users\mark\desktop\projects\games engine\gamesengine v1.0 main\bin\debug\intermediates\input.obj
c:\users\mark\desktop\projects\games engine\gamesengine v1.0 main\bin\debug\intermediates\mat4.obj
c:\users\mark\desktop\projects\games engine\gamesengine v1.0 main\bin\debug\intermediates\vec2.obj
c:\users\mark\desktop\projects\games engine\gamesengine v1.0 main\bin\debug\intermediates\vec3.obj
c:\users\mark\desktop\projects\games engine\gamesengine v1.0 main\bin\debug\intermediates\vec4.obj
c:\users\mark\desktop\projects\games engine\gamesengine v1.0 main\bin\debug\gamesengine v1.0.ilk
c:\users\mark\desktop\projects\games engine\gamesengine v1.0 main\bin\debug\gamesengine v1.0.exe
c:\users\mark\desktop\projects\games engine\gamesengine v1.0 main\bin\debug\gamesengine v1.0.pdb
c:\users\mark\desktop\projects\games engine\gamesengine v1.0 main\bin\debug\intermediates\gamesengine v1.0.tlog\cl.command.1.tlog
c:\users\mark\desktop\projects\games engine\gamesengine v1.0 main\bin\debug\intermediates\gamesengine v1.0.tlog\cl.read.1.tlog
c:\users\mark\desktop\projects\games engine\gamesengine v1.0 main\bin\debug\intermediates\gamesengine v1.0.tlog\cl.write.1.tlog
c:\users\mark\desktop\projects\games engine\gamesengine v1.0 main\bin\debug\intermediates\gamesengine v1.0.tlog\link.command.1.tlog
c:\users\mark\desktop\projects\games engine\gamesengine v1.0 main\bin\debug\intermediates\gamesengine v1.0.tlog\link.read.1.tlog
c:\users\mark\desktop\projects\games engine\gamesengine v1.0 main\bin\debug\intermediates\gamesengine v1.0.tlog\link.write.1.tlog
